2025-04-16 16:15:20,855 [Worker-7: Loading available Gradle versions] INFO  o.e.b.c.i.u.g.PublishedGradleVersions - Gradle version information cache is not available. Remote download required.
2025-04-16 16:17:34,575 [Worker-11: Import Getting Started Content] INFO  o.e.m.c.i.l.LifecycleMappingFactory - Using org.eclipse.m2e.jdt.JarLifecycleMapping lifecycle mapping for MavenProject: com.example:MahindaPlants:0.0.1-SNAPSHOT @ C:\Users\DELL\Desktop\Mahinda Plants\MahindaPlants\MahindaPlants\pom.xml.
2025-04-16 16:17:39,329 [Worker-11: Import Getting Started Content] INFO  o.e.m.j.i.AbstractJavaProjectConfigurator - Adding source folder /MahindaPlants/src/main/java
2025-04-16 16:17:39,331 [Worker-11: Import Getting Started Content] INFO  o.e.m.j.i.AbstractJavaProjectConfigurator - Adding resource folder /MahindaPlants/src/main/resources
2025-04-16 16:17:39,342 [Worker-11: Import Getting Started Content] INFO  o.e.m.j.i.AbstractJavaProjectConfigurator - Adding resource folder /MahindaPlants/src/main/resources
2025-04-16 16:17:39,346 [Worker-11: Import Getting Started Content] INFO  o.e.m.j.i.AbstractJavaProjectConfigurator - Adding source folder /MahindaPlants/src/test/java
2025-04-16 16:17:39,347 [Worker-11: Import Getting Started Content] INFO  o.e.m.j.i.AbstractJavaProjectConfigurator - Adding resource folder /MahindaPlants/src/test/resources
2025-04-16 16:17:40,341 [Worker-11: Import Getting Started Content] INFO  o.e.m.c.i.p.ProjectConfigurationManager - Imported and configured 1 project(s) in 10 sec
2025-04-16 16:17:40,344 [Worker-11: Import Getting Started Content] INFO  o.e.m.c.i.p.ProjectConfigurationManager - Update started
2025-04-16 16:17:40,880 [Worker-11: Import Getting Started Content] INFO  o.e.m.c.i.l.LifecycleMappingFactory - Using org.eclipse.m2e.jdt.JarLifecycleMapping lifecycle mapping for MavenProject: com.example:MahindaPlants:0.0.1-SNAPSHOT @ C:\Users\DELL\Desktop\Mahinda Plants\MahindaPlants\MahindaPlants\pom.xml.
2025-04-16 16:17:41,791 [Worker-11: Import Getting Started Content] INFO  o.e.m.j.i.AbstractJavaProjectConfigurator - Adding source folder /MahindaPlants/src/main/java
2025-04-16 16:17:41,793 [Worker-11: Import Getting Started Content] INFO  o.e.m.j.i.AbstractJavaProjectConfigurator - Adding resource folder /MahindaPlants/src/main/resources
2025-04-16 16:17:41,794 [Worker-11: Import Getting Started Content] INFO  o.e.m.j.i.AbstractJavaProjectConfigurator - Adding resource folder /MahindaPlants/src/main/resources
2025-04-16 16:17:41,794 [Worker-11: Import Getting Started Content] INFO  o.e.m.j.i.AbstractJavaProjectConfigurator - Adding source folder /MahindaPlants/src/test/java
2025-04-16 16:17:41,795 [Worker-11: Import Getting Started Content] INFO  o.e.m.j.i.AbstractJavaProjectConfigurator - Adding resource folder /MahindaPlants/src/test/resources
2025-04-16 16:17:42,540 [Worker-11: Import Getting Started Content] INFO  o.e.m.c.i.p.ProjectConfigurationManager - Update completed for 1 poms: local refresh takes 0.00 sec, refresh facades takes 1.00 sec, update config takes 0.00 sec 
2025-04-16 16:17:43,138 [Worker-7: Updating Maven Project] INFO  o.e.m.c.i.p.ProjectConfigurationManager - Update started
2025-04-16 16:17:44,090 [Worker-7: Updating Maven Project] INFO  o.e.m.c.i.l.LifecycleMappingFactory - Using org.eclipse.m2e.jdt.JarLifecycleMapping lifecycle mapping for MavenProject: com.example:MahindaPlants:0.0.1-SNAPSHOT @ C:\Users\DELL\Desktop\Mahinda Plants\MahindaPlants\MahindaPlants\pom.xml.
2025-04-16 16:17:45,179 [Worker-7: Updating Maven Project] INFO  o.e.m.j.i.AbstractJavaProjectConfigurator - Adding source folder /MahindaPlants/src/main/java
2025-04-16 16:17:45,181 [Worker-7: Updating Maven Project] INFO  o.e.m.j.i.AbstractJavaProjectConfigurator - Adding resource folder /MahindaPlants/src/main/resources
2025-04-16 16:17:45,182 [Worker-7: Updating Maven Project] INFO  o.e.m.j.i.AbstractJavaProjectConfigurator - Adding resource folder /MahindaPlants/src/main/resources
2025-04-16 16:17:45,183 [Worker-7: Updating Maven Project] INFO  o.e.m.j.i.AbstractJavaProjectConfigurator - Adding source folder /MahindaPlants/src/test/java
2025-04-16 16:17:45,184 [Worker-7: Updating Maven Project] INFO  o.e.m.j.i.AbstractJavaProjectConfigurator - Adding resource folder /MahindaPlants/src/test/resources
2025-04-16 16:17:45,695 [Worker-7: Updating Maven Project] INFO  o.e.m.c.i.p.ProjectConfigurationManager - Update completed for 1 poms: local refresh takes 0.00 sec, refresh facades takes 1.00 sec, update config takes 0.00 sec 
2025-04-16 16:17:47,120 [Worker-8: Building] INFO  o.a.m.s.f.DefaultMavenResourcesFiltering - Copying 1 resource from src\main\resources to target\classes
2025-04-16 16:17:47,146 [Worker-8: Building] INFO  o.a.m.s.f.DefaultMavenResourcesFiltering - Copying 0 resource from src\main\resources to target\classes
2025-04-16 16:17:47,155 [Worker-8: Building] INFO  o.a.m.s.f.DefaultMavenResourcesFiltering - skip non existing resourceDirectory C:\Users\DELL\Desktop\Mahinda Plants\MahindaPlants\MahindaPlants\src\test\resources
2025-04-16 16:24:43,323 [Worker-6: Loading available Gradle versions] INFO  o.e.b.c.i.u.g.PublishedGradleVersions - Gradle version information cache is up-to-date. Trying to read.
